<?xml version="1.0" encoding="UTF-8"?>
<testng-results skipped="0" failed="0" ignored="0" total="1" passed="1">
  <reporter-output>
  </reporter-output>
  <suite name="Suite" duration-ms="100" started-at="2022-01-02T11:20:56 IST" finished-at="2022-01-02T11:20:57 IST">
    <groups>
    </groups>
    <test name="Test" duration-ms="100" started-at="2022-01-02T11:20:56 IST" finished-at="2022-01-02T11:20:57 IST">
      <class name="demo2.mavenproj2.Demo">
        <test-method status="PASS" signature="demo()[pri:0, instance:demo2.mavenproj2.Demo@262b2c86]" name="demo" duration-ms="16" started-at="2022-01-02T11:20:57 IST" finished-at="2022-01-02T11:20:57 IST">
          <reporter-output>
          </reporter-output>
        </test-method> <!-- demo -->
      </class> <!-- demo2.mavenproj2.Demo -->
    </test> <!-- Test -->
  </suite> <!-- Suite -->
</testng-results>
